2024-05-21T09:39:07CEST     main_window.py:77               <module>() DEBUG   : Qt version (runtime):      5.15.8
2024-05-21T09:39:07CEST     main_window.py:78               <module>() DEBUG   : Qt version (compile time): 5.15.8
2024-05-21T09:39:07CEST     main_window.py:79               <module>() DEBUG   : QT_API:                    pyqt5
2024-05-21T09:39:07CEST     main_window.py:87               <module>() DEBUG   : PyQt version:             5.15.9
2024-05-21T09:39:07CEST     main_window.py:88               <module>() DEBUG   : QtPy version:             2.4.1
2024-05-21T09:39:12CEST     main_window.py:741        _read_settings() DEBUG   : Settings read from '/home/raswa151/.config/Linköping University/B-ASIC Scheduling GUI.conf'.
2024-05-21T09:39:33CEST     main_window.py:717       _write_settings() DEBUG   : Settings written to '/home/raswa151/.config/Linköping University/B-ASIC Scheduling GUI.conf'.
2024-05-21T09:39:33CEST     main_window.py:630          _close_event() INFO    : Exit: main_window.py
2024-05-21T09:39:33CEST          pyplot.py:414        switch_backend() DEBUG   : Loaded backend module://matplotlib_inline.backend_inline version unknown.
2024-05-21T09:39:33CEST          pyplot.py:414        switch_backend() DEBUG   : Loaded backend module://matplotlib_inline.backend_inline version unknown.
2024-05-21T09:39:33CEST    font_manager.py:1411     _findfont_cached() DEBUG   : findfont: Matching sans\-serif:style=normal:variant=normal:weight=normal:stretch=normal:size=10.0.
2024-05-21T09:39:33CEST    font_manager.py:1423     _findfont_cached() DEBUG   : findfont: score(FontEntry(fname='/home/raswa151/.conda/envs/tste87/lib/python3.12/site-packages/matplotlib/mpl-data/fonts/ttf/STIXSizOneSymBol.ttf', name='STIXSizeOneSym', style='normal', variant='normal', weight=700, stretch='normal', size='scalable')) = 10.335
2024-05-21T09:39:33CEST    font_manager.py:1423     _findfont_cached() DEBUG   : findfont: score(FontEntry(fname='/home/raswa151/.conda/envs/tste87/lib/python3.12/site-packages/matplotlib/mpl-data/fonts/ttf/cmb10.ttf', name='cmb10', style='normal', variant='normal', weight=400, stretch='normal', size='scalable')) = 10.05
2024-05-21T09:39:33CEST    font_manager.py:1423     _findfont_cached() DEBUG   : findfont: score(FontEntry(fname='/home/raswa151/.conda/envs/tste87/lib/python3.12/site-packages/matplotlib/mpl-data/fonts/ttf/STIXSizThreeSymBol.ttf', name='STIXSizeThreeSym', style='normal', variant='normal', weight=700, stretch='normal', size='scalable')) = 10.335
2024-05-21T09:39:33CEST    font_manager.py:1423     _findfont_cached() DEBUG   : findfont: score(FontEntry(fname='/home/raswa151/.conda/envs/tste87/lib/python3.12/site-packages/matplotlib/mpl-data/fonts/ttf/cmss10.ttf', name='cmss10', style='normal', variant='normal', weight=400, stretch='normal', size='scalable')) = 10.05
2024-05-21T09:39:33CEST    font_manager.py:1423     _findfont_cached() DEBUG   : findfont: score(FontEntry(fname='/home/raswa151/.conda/envs/tste87/lib/python3.12/site-packages/matplotlib/mpl-data/fonts/ttf/STIXSizFiveSymReg.ttf', name='STIXSizeFiveSym', style='normal', variant='normal', weight=400, stretch='normal', size='scalable')) = 10.05
2024-05-21T09:39:33CEST    font_manager.py:1423     _findfont_cached() DEBUG   : findfont: score(FontEntry(fname='/home/raswa151/.conda/envs/tste87/lib/python3.12/site-packages/matplotlib/mpl-data/fonts/ttf/cmmi10.ttf', name='cmmi10', style='normal', variant='normal', weight=400, stretch='normal', size='scalable')) = 10.05
2024-05-21T09:39:33CEST    font_manager.py:1423     _findfont_cached() DEBUG   : findfont: score(FontEntry(fname='/home/raswa151/.conda/envs/tste87/lib/python3.12/site-packages/matplotlib/mpl-data/fonts/ttf/STIXNonUniBol.ttf', name='STIXNonUnicode', style='normal', variant='normal', weight=700, stretch='normal', size='scalable')) = 10.335
2024-05-21T09:39:33CEST    font_manager.py:1423     _findfont_cached() DEBUG   : findfont: score(FontEntry(fname='/home/raswa151/.conda/envs/tste87/lib/python3.12/site-packages/matplotlib/mpl-data/fonts/ttf/STIXGeneralBolIta.ttf', name='STIXGeneral', style='italic', variant='normal', weight=700, stretch='normal', size='scalable')) = 11.335
2024-05-21T09:39:33CEST    font_manager.py:1423     _findfont_cached() DEBUG   : findfont: score(FontEntry(fname='/home/raswa151/.conda/envs/tste87/lib/python3.12/site-packages/matplotlib/mpl-data/fonts/ttf/DejaVuSansMono-BoldOblique.ttf', name='DejaVu Sans Mono', style='oblique', variant='normal', weight=700, stretch='normal', size='scalable')) = 11.335
2024-05-21T09:39:33CEST    font_manager.py:1423     _findfont_cached() DEBUG   : findfont: score(FontEntry(fname='/home/raswa151/.conda/envs/tste87/lib/python3.12/site-packages/matplotlib/mpl-data/fonts/ttf/STIXNonUni.ttf', name='STIXNonUnicode', style='normal', variant='normal', weight=400, stretch='normal', size='scalable')) = 10.05
2024-05-21T09:39:33CEST    font_manager.py:1423     _findfont_cached() DEBUG   : findfont: score(FontEntry(fname='/home/raswa151/.conda/envs/tste87/lib/python3.12/site-packages/matplotlib/mpl-data/fonts/ttf/STIXSizTwoSymReg.ttf', name='STIXSizeTwoSym', style='normal', variant='normal', weight=400, stretch='normal', size='scalable')) = 10.05
2024-05-21T09:39:33CEST    font_manager.py:1423     _findfont_cached() DEBUG   : findfont: score(FontEntry(fname='/home/raswa151/.conda/envs/tste87/lib/python3.12/site-packages/matplotlib/mpl-data/fonts/ttf/DejaVuSans.ttf', name='DejaVu Sans', style='normal', variant='normal', weight=400, stretch='normal', size='scalable')) = 0.05
2024-05-21T09:39:33CEST    font_manager.py:1423     _findfont_cached() DEBUG   : findfont: score(FontEntry(fname='/home/raswa151/.conda/envs/tste87/lib/python3.12/site-packages/matplotlib/mpl-data/fonts/ttf/STIXSizTwoSymBol.ttf', name='STIXSizeTwoSym', style='normal', variant='normal', weight=700, stretch='normal', size='scalable')) = 10.335
2024-05-21T09:39:33CEST    font_manager.py:1423     _findfont_cached() DEBUG   : findfont: score(FontEntry(fname='/home/raswa151/.conda/envs/tste87/lib/python3.12/site-packages/matplotlib/mpl-data/fonts/ttf/DejaVuSans-BoldOblique.ttf', name='DejaVu Sans', style='oblique', variant='normal', weight=700, stretch='normal', size='scalable')) = 1.335
2024-05-21T09:39:33CEST    font_manager.py:1423     _findfont_cached() DEBUG   : findfont: score(FontEntry(fname='/home/raswa151/.conda/envs/tste87/lib/python3.12/site-packages/matplotlib/mpl-data/fonts/ttf/DejaVuSerif-Bold.ttf', name='DejaVu Serif', style='normal', variant='normal', weight=700, stretch='normal', size='scalable')) = 10.335
2024-05-21T09:39:33CEST    font_manager.py:1423     _findfont_cached() DEBUG   : findfont: score(FontEntry(fname='/home/raswa151/.conda/envs/tste87/lib/python3.12/site-packages/matplotlib/mpl-data/fonts/ttf/STIXGeneralItalic.ttf', name='STIXGeneral', style='italic', variant='normal', weight=400, stretch='normal', size='scalable')) = 11.05
2024-05-21T09:39:33CEST    font_manager.py:1423     _findfont_cached() DEBUG   : findfont: score(FontEntry(fname='/home/raswa151/.conda/envs/tste87/lib/python3.12/site-packages/matplotlib/mpl-data/fonts/ttf/DejaVuSansMono.ttf', name='DejaVu Sans Mono', style='normal', variant='normal', weight=400, stretch='normal', size='scalable')) = 10.05
2024-05-21T09:39:33CEST    font_manager.py:1423     _findfont_cached() DEBUG   : findfont: score(FontEntry(fname='/home/raswa151/.conda/envs/tste87/lib/python3.12/site-packages/matplotlib/mpl-data/fonts/ttf/DejaVuSerif-Italic.ttf', name='DejaVu Serif', style='italic', variant='normal', weight=400, stretch='normal', size='scalable')) = 11.05
2024-05-21T09:39:33CEST    font_manager.py:1423     _findfont_cached() DEBUG   : findfont: score(FontEntry(fname='/home/raswa151/.conda/envs/tste87/lib/python3.12/site-packages/matplotlib/mpl-data/fonts/ttf/STIXGeneral.ttf', name='STIXGeneral', style='normal', variant='normal', weight=400, stretch='normal', size='scalable')) = 10.05
2024-05-21T09:39:33CEST    font_manager.py:1423     _findfont_cached() DEBUG   : findfont: score(FontEntry(fname='/home/raswa151/.conda/envs/tste87/lib/python3.12/site-packages/matplotlib/mpl-data/fonts/ttf/cmex10.ttf', name='cmex10', style='normal', variant='normal', weight=400, stretch='normal', size='scalable')) = 10.05
2024-05-21T09:39:33CEST    font_manager.py:1423     _findfont_cached() DEBUG   : findfont: score(FontEntry(fname='/home/raswa151/.conda/envs/tste87/lib/python3.12/site-packages/matplotlib/mpl-data/fonts/ttf/DejaVuSerif.ttf', name='DejaVu Serif', style='normal', variant='normal', weight=400, stretch='normal', size='scalable')) = 10.05
2024-05-21T09:39:33CEST    font_manager.py:1423     _findfont_cached() DEBUG   : findfont: score(FontEntry(fname='/home/raswa151/.conda/envs/tste87/lib/python3.12/site-packages/matplotlib/mpl-data/fonts/ttf/STIXNonUniIta.ttf', name='STIXNonUnicode', style='italic', variant='normal', weight=400, stretch='normal', size='scalable')) = 11.05
2024-05-21T09:39:33CEST    font_manager.py:1423     _findfont_cached() DEBUG   : findfont: score(FontEntry(fname='/home/raswa151/.conda/envs/tste87/lib/python3.12/site-packages/matplotlib/mpl-data/fonts/ttf/DejaVuSansDisplay.ttf', name='DejaVu Sans Display', style='normal', variant='normal', weight=400, stretch='normal', size='scalable')) = 10.05
2024-05-21T09:39:33CEST    font_manager.py:1423     _findfont_cached() DEBUG   : findfont: score(FontEntry(fname='/home/raswa151/.conda/envs/tste87/lib/python3.12/site-packages/matplotlib/mpl-data/fonts/ttf/STIXNonUniBolIta.ttf', name='STIXNonUnicode', style='italic', variant='normal', weight=700, stretch='normal', size='scalable')) = 11.335
2024-05-21T09:39:33CEST    font_manager.py:1423     _findfont_cached() DEBUG   : findfont: score(FontEntry(fname='/home/raswa151/.conda/envs/tste87/lib/python3.12/site-packages/matplotlib/mpl-data/fonts/ttf/cmsy10.ttf', name='cmsy10', style='normal', variant='normal', weight=400, stretch='normal', size='scalable')) = 10.05
2024-05-21T09:39:33CEST    font_manager.py:1423     _findfont_cached() DEBUG   : findfont: score(FontEntry(fname='/home/raswa151/.conda/envs/tste87/lib/python3.12/site-packages/matplotlib/mpl-data/fonts/ttf/DejaVuSansMono-Bold.ttf', name='DejaVu Sans Mono', style='normal', variant='normal', weight=700, stretch='normal', size='scalable')) = 10.335
2024-05-21T09:39:33CEST    font_manager.py:1423     _findfont_cached() DEBUG   : findfont: score(FontEntry(fname='/home/raswa151/.conda/envs/tste87/lib/python3.12/site-packages/matplotlib/mpl-data/fonts/ttf/DejaVuSansMono-Oblique.ttf', name='DejaVu Sans Mono', style='oblique', variant='normal', weight=400, stretch='normal', size='scalable')) = 11.05
2024-05-21T09:39:33CEST    font_manager.py:1423     _findfont_cached() DEBUG   : findfont: score(FontEntry(fname='/home/raswa151/.conda/envs/tste87/lib/python3.12/site-packages/matplotlib/mpl-data/fonts/ttf/cmr10.ttf', name='cmr10', style='normal', variant='normal', weight=400, stretch='normal', size='scalable')) = 10.05
2024-05-21T09:39:33CEST    font_manager.py:1423     _findfont_cached() DEBUG   : findfont: score(FontEntry(fname='/home/raswa151/.conda/envs/tste87/lib/python3.12/site-packages/matplotlib/mpl-data/fonts/ttf/STIXSizFourSymBol.ttf', name='STIXSizeFourSym', style='normal', variant='normal', weight=700, stretch='normal', size='scalable')) = 10.335
2024-05-21T09:39:33CEST    font_manager.py:1423     _findfont_cached() DEBUG   : findfont: score(FontEntry(fname='/home/raswa151/.conda/envs/tste87/lib/python3.12/site-packages/matplotlib/mpl-data/fonts/ttf/STIXSizThreeSymReg.ttf', name='STIXSizeThreeSym', style='normal', variant='normal', weight=400, stretch='normal', size='scalable')) = 10.05
2024-05-21T09:39:33CEST    font_manager.py:1423     _findfont_cached() DEBUG   : findfont: score(FontEntry(fname='/home/raswa151/.conda/envs/tste87/lib/python3.12/site-packages/matplotlib/mpl-data/fonts/ttf/DejaVuSerifDisplay.ttf', name='DejaVu Serif Display', style='normal', variant='normal', weight=400, stretch='normal', size='scalable')) = 10.05
2024-05-21T09:39:33CEST    font_manager.py:1423     _findfont_cached() DEBUG   : findfont: score(FontEntry(fname='/home/raswa151/.conda/envs/tste87/lib/python3.12/site-packages/matplotlib/mpl-data/fonts/ttf/DejaVuSans-Oblique.ttf', name='DejaVu Sans', style='oblique', variant='normal', weight=400, stretch='normal', size='scalable')) = 1.05
2024-05-21T09:39:33CEST    font_manager.py:1423     _findfont_cached() DEBUG   : findfont: score(FontEntry(fname='/home/raswa151/.conda/envs/tste87/lib/python3.12/site-packages/matplotlib/mpl-data/fonts/ttf/STIXSizFourSymReg.ttf', name='STIXSizeFourSym', style='normal', variant='normal', weight=400, stretch='normal', size='scalable')) = 10.05
2024-05-21T09:39:33CEST    font_manager.py:1423     _findfont_cached() DEBUG   : findfont: score(FontEntry(fname='/home/raswa151/.conda/envs/tste87/lib/python3.12/site-packages/matplotlib/mpl-data/fonts/ttf/DejaVuSans-Bold.ttf', name='DejaVu Sans', style='normal', variant='normal', weight=700, stretch='normal', size='scalable')) = 0.33499999999999996
2024-05-21T09:39:33CEST    font_manager.py:1423     _findfont_cached() DEBUG   : findfont: score(FontEntry(fname='/home/raswa151/.conda/envs/tste87/lib/python3.12/site-packages/matplotlib/mpl-data/fonts/ttf/STIXSizOneSymReg.ttf', name='STIXSizeOneSym', style='normal', variant='normal', weight=400, stretch='normal', size='scalable')) = 10.05
2024-05-21T09:39:33CEST    font_manager.py:1423     _findfont_cached() DEBUG   : findfont: score(FontEntry(fname='/home/raswa151/.conda/envs/tste87/lib/python3.12/site-packages/matplotlib/mpl-data/fonts/ttf/DejaVuSerif-BoldItalic.ttf', name='DejaVu Serif', style='italic', variant='normal', weight=700, stretch='normal', size='scalable')) = 11.335
2024-05-21T09:39:33CEST    font_manager.py:1423     _findfont_cached() DEBUG   : findfont: score(FontEntry(fname='/home/raswa151/.conda/envs/tste87/lib/python3.12/site-packages/matplotlib/mpl-data/fonts/ttf/STIXGeneralBol.ttf', name='STIXGeneral', style='normal', variant='normal', weight=700, stretch='normal', size='scalable')) = 10.335
2024-05-21T09:39:33CEST    font_manager.py:1423     _findfont_cached() DEBUG   : findfont: score(FontEntry(fname='/home/raswa151/.conda/envs/tste87/lib/python3.12/site-packages/matplotlib/mpl-data/fonts/ttf/cmtt10.ttf', name='cmtt10', style='normal', variant='normal', weight=400, stretch='normal', size='scalable')) = 10.05
2024-05-21T09:39:33CEST    font_manager.py:1423     _findfont_cached() DEBUG   : findfont: score(FontEntry(fname='/usr/share/fonts/gnu-free/FreeSansBold.ttf', name='FreeSans', style='normal', variant='normal', weight=600, stretch='normal', size='scalable')) = 10.24
2024-05-21T09:39:33CEST    font_manager.py:1423     _findfont_cached() DEBUG   : findfont: score(FontEntry(fname='/usr/share/fonts/google-noto/NotoSansTagalog-Regular.ttf', name='Noto Sans Tagalog', style='normal', variant='normal', weight=400, stretch='normal', size='scalable')) = 10.05
2024-05-21T09:39:33CEST    font_manager.py:1423     _findfont_cached() DEBUG   : findfont: score(FontEntry(fname='/usr/share/fonts/urw-base35/URWGothic-Book.otf', name='URW Gothic', style='normal', variant='normal', weight=400, stretch='normal', size='scalable')) = 10.05
2024-05-21T09:39:33CEST    font_manager.py:1423     _findfont_cached() DEBUG   : findfont: score(FontEntry(fname='/home/raswa151/.conda/envs/tste87/fonts/Ubuntu-B.ttf', name='Ubuntu', style='normal', variant='normal', weight=700, stretch='normal', size='scalable')) = 10.335
2024-05-21T09:39:33CEST    font_manager.py:1423     _findfont_cached() DEBUG   : findfont: score(FontEntry(fname='/usr/share/fonts/julietaula-montserrat/Montserrat-ExtraBold.otf', name='Montserrat', style='normal', variant='normal', weight=800, stretch='normal', size='scalable')) = 10.43
2024-05-21T09:39:33CEST    font_manager.py:1423     _findfont_cached() DEBUG   : findfont: score(FontEntry(fname='/usr/share/fonts/abattis-cantarell/Cantarell-Oblique.otf', name='Cantarell', style='oblique', variant='normal', weight=400, stretch='normal', size='scalable')) = 11.05
2024-05-21T09:39:33CEST    font_manager.py:1423     _findfont_cached() DEBUG   : findfont: score(FontEntry(fname='/usr/share/fonts/google-noto-cjk/NotoSansCJK-Medium.ttc', name='Noto Sans CJK JP', style='normal', variant='normal', weight=500, stretch='normal', size='scalable')) = 10.145
2024-05-21T09:39:33CEST    font_manager.py:1423     _findfont_cached() DEBUG   : findfont: score(FontEntry(fname='/usr/share/fonts/stix/STIX-Italic.otf', name='STIX', style='italic', variant='normal', weight=400, stretch='normal', size='scalable')) = 11.05
2024-05-21T09:39:33CEST    font_manager.py:1423     _findfont_cached() DEBUG   : findfont: score(FontEntry(fname='/usr/share/fonts/julietaula-montserrat/Montserrat-Italic.otf', name='Montserrat', style='italic', variant='normal', weight=400, stretch='normal', size='scalable')) = 11.05
2024-05-21T09:39:33CEST    font_manager.py:1423     _findfont_cached() DEBUG   : findfont: score(FontEntry(fname='/home/raswa151/.conda/envs/tste87/fonts/Inconsolata-Bold.ttf', name='Inconsolata', style='normal', variant='normal', weight=700, stretch='normal', size='scalable')) = 10.335
2024-05-21T09:39:33CEST    font_manager.py:1423     _findfont_cached() DEBUG   : findfont: score(FontEntry(fname='/usr/share/fonts/google-droid/DroidSansJapanese.ttf', name='Droid Sans Japanese', style='normal', variant='normal', weight=400, stretch='normal', size='scalable')) = 10.05
2024-05-21T09:39:33CEST    font_manager.py:1423     _findfont_cached() DEBUG   : findfont: score(FontEntry(fname='/usr/share/fonts/lohit-gurmukhi/Lohit-Gurmukhi.ttf', name='Lohit Gurmukhi', style='normal', variant='normal', weight=400, stretch='normal', size='scalable')) = 10.05
2024-05-21T09:39:33CEST    font_manager.py:1423     _findfont_cached() DEBUG   : findfont: score(FontEntry(fname='/usr/share/fonts/julietaula-montserrat/MontserratAlternates-ExtraBoldItalic.otf', name='Montserrat Alternates', style='italic', variant='normal', weight=800, stretch='normal', size='scalable')) = 11.43
2024-05-21T09:39:33CEST    font_manager.py:1423     _findfont_cached() DEBUG   : findfont: score(FontEntry(fname='/usr/share/fonts/thai-scalable/Waree-Bold.ttf', name='Waree', style='normal', variant='normal', weight=700, stretch='normal', size='scalable')) = 10.335
2024-05-21T09:39:33CEST    font_manager.py:1423     _findfont_cached() DEBUG   : findfont: score(FontEntry(fname='/usr/share/fonts/thai-scalable/Waree.ttf', name='Waree', style='normal', variant='normal', weight=400, stretch='normal', size='scalable')) = 10.05
2024-05-21T09:39:33CEST    font_manager.py:1423     _findfont_cached() DEBUG   : findfont: score(FontEntry(fname='/usr/share/fonts/urw-base35/NimbusMonoPS-Italic.otf', name='Nimbus Mono PS', style='italic', variant='normal', weight=400, stretch='normal', size='scalable')) = 11.05
2024-05-21T09:39:33CEST    font_manager.py:1423     _findfont_cached() DEBUG   : findfont: score(FontEntry(fname='/usr/share/fonts/lohit-gujarati/Lohit-Gujarati.ttf', name='Lohit Gujarati', style='normal', variant='normal', weight=400, stretch='normal', size='scalable')) = 10.05
2024-05-21T09:39:33CEST    font_manager.py:1423     _findfont_cached() DEBUG   : findfont: score(FontEntry(fname='/home/raswa151/.conda/envs/tste87/fonts/SourceCodePro-Black.ttf', name='Source Code Pro', style='normal', variant='normal', weight=900, stretch='normal', size='scalable')) = 10.525
2024-05-21T09:39:33CEST    font_manager.py:1423     _findfont_cached() DEBUG   : findfont: score(FontEntry(fname='/usr/share/fonts/lohit-bengali/Lohit-Bengali.ttf', name='Lohit Bengali', style='normal', variant='normal', weight=400, stretch='normal', size='scalable')) = 10.05
2024-05-21T09:39:33CEST    font_manager.py:1423     _findfont_cached() DEBUG   : findfont: score(FontEntry(fname='/usr/share/fonts/dejavu/DejaVuSerifCondensed-Italic.ttf', name='DejaVu Serif', style='italic', variant='normal', weight=400, stretch='condensed', size='scalable')) = 11.25
2024-05-21T09:39:33CEST    font_manager.py:1423     _findfont_cached() DEBUG   : findfont: score(FontEntry(fname='/usr/share/fonts/google-noto/NotoSansTaiTham-Regular.ttf', name='Noto Sans Tai Tham', style='normal', variant='normal', weight=400, stretch='normal', size='scalable')) = 10.05
2024-05-21T09:39:33CEST    font_manager.py:1423     _findfont_cached() DEBUG   : findfont: score(FontEntry(fname='/home/raswa151/.conda/envs/tste87/fonts/Ubuntu-MI.ttf', name='Ubuntu', style='italic', variant='normal', weight=500, stretch='normal', size='scalable')) = 11.145
2024-05-21T09:39:33CEST    font_manager.py:1423     _findfont_cached() DEBUG   : findfont: score(FontEntry(fname='/usr/share/fonts/urw-base35/NimbusMonoPS-Bold.otf', name='Nimbus Mono PS', style='normal', variant='normal', weight=700, stretch='normal', size='scalable')) = 10.335
2024-05-21T09:39:33CEST    font_manager.py:1423     _findfont_cached() DEBUG   : findfont: score(FontEntry(fname='/usr/share/fonts/julietaula-montserrat/MontserratAlternates-LightItalic.otf', name='Montserrat Alternates', style='italic', variant='normal', weight=300, stretch='normal', size='scalable')) = 11.145
2024-05-21T09:39:33CEST    font_manager.py:1423     _findfont_cached() DEBUG   : findfont: score(FontEntry(fname='/home/raswa151/.conda/envs/tste87/fonts/UbuntuMono-B.ttf', name='Ubuntu Mono', style='normal', variant='normal', weight=700, stretch='normal', size='scalable')) = 10.335
2024-05-21T09:39:33CEST    font_manager.py:1423     _findfont_cached() DEBUG   : findfont: score(FontEntry(fname='/usr/share/fonts/gnu-free/FreeMonoBoldOblique.ttf', name='FreeMono', style='oblique', variant='normal', weight=700, stretch='normal', size='scalable')) = 11.335
2024-05-21T09:39:33CEST    font_manager.py:1423     _findfont_cached() DEBUG   : findfont: score(FontEntry(fname='/usr/share/fonts/julietaula-montserrat/Montserrat-LightItalic.otf', name='Montserrat', style='italic', variant='normal', weight=300, stretch='normal', size='scalable')) = 11.145
2024-05-21T09:39:33CEST    font_manager.py:1423     _findfont_cached() DEBUG   : findfont: score(FontEntry(fname='/usr/share/fonts/dejavu/DejaVuSerif.ttf', name='DejaVu Serif', style='normal', variant='normal', weight=400, stretch='normal', size='scalable')) = 10.05
2024-05-21T09:39:33CEST    font_manager.py:1423     _findfont_cached() DEBUG   : findfont: score(FontEntry(fname='/usr/share/fonts/google-crosextra-caladea/Caladea-BoldItalic.ttf', name='Caladea', style='italic', variant='normal', weight=700, stretch='normal', size='scalable')) = 11.335
2024-05-21T09:39:33CEST    font_manager.py:1423     _findfont_cached() DEBUG   : findfont: score(FontEntry(fname='/home/raswa151/.conda/envs/tste87/fonts/SourceCodePro-It.ttf', name='Source Code Pro', style='italic', variant='normal', weight=400, stretch='normal', size='scalable')) = 11.05
2024-05-21T09:39:33CEST    font_manager.py:1423     _findfont_cached() DEBUG   : findfont: score(FontEntry(fname='/home/raswa151/.conda/envs/tste87/fonts/Ubuntu-RI.ttf', name='Ubuntu', style='italic', variant='normal', weight=400, stretch='normal', size='scalable')) = 11.05
2024-05-21T09:39:33CEST    font_manager.py:1423     _findfont_cached() DEBUG   : findfont: score(FontEntry(fname='/usr/share/fonts/liberation-mono/LiberationMono-Bold.ttf', name='Liberation Mono', style='normal', variant='normal', weight=700, stretch='normal', size='scalable')) = 10.335
2024-05-21T09:39:33CEST    font_manager.py:1423     _findfont_cached() DEBUG   : findfont: score(FontEntry(fname='/usr/share/fonts/google-noto-cjk/NotoSerifCJK-Regular.ttc', name='Noto Serif CJK JP', style='normal', variant='normal', weight=400, stretch='normal', size='scalable')) = 10.05
2024-05-21T09:39:33CEST    font_manager.py:1423     _findfont_cached() DEBUG   : findfont: score(FontEntry(fname='/usr/share/fonts/julietaula-montserrat/Montserrat-Bold.otf', name='Montserrat', style='normal', variant='normal', weight=700, stretch='normal', size='scalable')) = 10.335
2024-05-21T09:39:33CEST    font_manager.py:1423     _findfont_cached() DEBUG   : findfont: score(FontEntry(fname='/usr/share/fonts/urw-base35/URWBookman-LightItalic.otf', name='URW Bookman', style='italic', variant='normal', weight=300, stretch='normal', size='scalable')) = 11.145
2024-05-21T09:39:33CEST    font_manager.py:1423     _findfont_cached() DEBUG   : findfont: score(FontEntry(fname='/usr/share/fonts/urw-base35/NimbusRoman-Bold.otf', name='Nimbus Roman', style='normal', variant='normal', weight=700, stretch='normal', size='scalable')) = 10.335
2024-05-21T09:39:33CEST    font_manager.py:1423     _findfont_cached() DEBUG   : findfont: score(FontEntry(fname='/usr/share/fonts/julietaula-montserrat/MontserratAlternates-Light.otf', name='Montserrat Alternates', style='normal', variant='normal', weight=300, stretch='normal', size='scalable')) = 10.145
2024-05-21T09:39:33CEST    font_manager.py:1423     _findfont_cached() DEBUG   : findfont: score(FontEntry(fname='/usr/share/fonts/google-crosextra-caladea/Caladea-Italic.ttf', name='Caladea', style='italic', variant='normal', weight=400, stretch='normal', size='scalable')) = 11.05
2024-05-21T09:39:33CEST    font_manager.py:1423     _findfont_cached() DEBUG   : findfont: score(FontEntry(fname='/usr/share/fonts/urw-base35/URWGothic-Demi.otf', name='URW Gothic', style='normal', variant='normal', weight=600, stretch='normal', size='scalable')) = 10.24
2024-05-21T09:39:33CEST    font_manager.py:1423     _findfont_cached() DEBUG   : findfont: score(FontEntry(fname='/usr/share/fonts/urw-base35/NimbusSansNarrow-BoldOblique.otf', name='Nimbus Sans Narrow', style='oblique', variant='normal', weight=700, stretch='condensed', size='scalable')) = 11.535
2024-05-21T09:39:33CEST    font_manager.py:1423     _findfont_cached() DEBUG   : findfont: score(FontEntry(fname='/usr/share/fonts/gnu-free/FreeSerifItalic.ttf', name='FreeSerif', style='italic', variant='normal', weight=400, stretch='normal', size='scalable')) = 11.05
2024-05-21T09:39:33CEST    font_manager.py:1423     _findfont_cached() DEBUG   : findfont: score(FontEntry(fname='/home/raswa151/.conda/envs/tste87/fonts/SourceCodePro-Semibold.ttf', name='Source Code Pro', style='normal', variant='normal', weight=600, stretch='normal', size='scalable')) = 10.24
2024-05-21T09:39:33CEST    font_manager.py:1423     _findfont_cached() DEBUG   : findfont: score(FontEntry(fname='/usr/share/fonts/urw-base35/NimbusSansNarrow-Bold.otf', name='Nimbus Sans Narrow', style='normal', variant='normal', weight=700, stretch='condensed', size='scalable')) = 10.535
2024-05-21T09:39:33CEST    font_manager.py:1423     _findfont_cached() DEBUG   : findfont: score(FontEntry(fname='/usr/share/fonts/urw-base35/C059-BdIta.otf', name='C059', style='italic', variant='normal', weight=700, stretch='normal', size='scalable')) = 11.335
2024-05-21T09:39:33CEST    font_manager.py:1423     _findfont_cached() DEBUG   : findfont: score(FontEntry(fname='/usr/share/fonts/gnu-free/FreeSans.ttf', name='FreeSans', style='normal', variant='normal', weight=400, stretch='normal', size='scalable')) = 10.05
2024-05-21T09:39:33CEST    font_manager.py:1423     _findfont_cached() DEBUG   : findfont: score(FontEntry(fname='/usr/share/fonts/google-noto-cjk/NotoSerifCJK-Bold.ttc', name='Noto Serif CJK JP', style='normal', variant='normal', weight=700, stretch='normal', size='scalable')) = 10.335
2024-05-21T09:39:33CEST    font_manager.py:1423     _findfont_cached() DEBUG   : findfont: score(FontEntry(fname='/usr/share/fonts/urw-base35/NimbusSans-Bold.otf', name='Nimbus Sans', style='normal', variant='normal', weight=700, stretch='normal', size='scalable')) = 10.335
2024-05-21T09:39:33CEST    font_manager.py:1423     _findfont_cached() DEBUG   : findfont: score(FontEntry(fname='/usr/share/fonts/dejavu/DejaVuSansCondensed-BoldOblique.ttf', name='DejaVu Sans', style='oblique', variant='normal', weight=700, stretch='condensed', size='scalable')) = 1.535
2024-05-21T09:39:33CEST    font_manager.py:1423     _findfont_cached() DEBUG   : findfont: score(FontEntry(fname='/usr/share/fonts/urw-base35/NimbusMonoPS-BoldItalic.otf', name='Nimbus Mono PS', style='italic', variant='normal', weight=700, stretch='normal', size='scalable')) = 11.335
2024-05-21T09:39:33CEST    font_manager.py:1423     _findfont_cached() DEBUG   : findfont: score(FontEntry(fname='/home/raswa151/.conda/envs/tste87/fonts/UbuntuMono-RI.ttf', name='Ubuntu Mono', style='italic', variant='normal', weight=400, stretch='normal', size='scalable')) = 11.05
2024-05-21T09:39:33CEST    font_manager.py:1423     _findfont_cached() DEBUG   : findfont: score(FontEntry(fname='/usr/share/fonts/thai-scalable/Waree-BoldOblique.ttf', name='Waree', style='oblique', variant='normal', weight=700, stretch='normal', size='scalable')) = 11.335
2024-05-21T09:39:33CEST    font_manager.py:1423     _findfont_cached() DEBUG   : findfont: score(FontEntry(fname='/usr/share/fonts/google-droid/DroidSansDevanagari-Regular.ttf', name='Droid Sans Devanagari', style='normal', variant='normal', weight=400, stretch='normal', size='scalable')) = 10.05
2024-05-21T09:39:33CEST    font_manager.py:1423     _findfont_cached() DEBUG   : findfont: score(FontEntry(fname='/usr/share/fonts/google-noto-cjk/NotoSansCJK-Thin.ttc', name='Noto Sans CJK JP', style='normal', variant='normal', weight=100, stretch='normal', size='scalable')) = 10.335
2024-05-21T09:39:33CEST    font_manager.py:1423     _findfont_cached() DEBUG   : findfont: score(FontEntry(fname='/usr/share/fonts/julietaula-montserrat/MontserratAlternates-ExtraLight.otf', name='Montserrat Alternates', style='normal', variant='normal', weight=275, stretch='normal', size='scalable')) = 10.16875
2024-05-21T09:39:33CEST    font_manager.py:1423     _findfont_cached() DEBUG   : findfont: score(FontEntry(fname='/usr/share/fonts/lohit-devanagari/Lohit-Devanagari.ttf', name='Lohit Devanagari', style='normal', variant='normal', weight=400, stretch='normal', size='scalable')) = 10.05
2024-05-21T09:39:33CEST    font_manager.py:1423     _findfont_cached() DEBUG   : findfont: score(FontEntry(fname='/usr/share/fonts/gnu-free/FreeMonoOblique.ttf', name='FreeMono', style='oblique', variant='normal', weight=400, stretch='normal', size='scalable')) = 11.05
2024-05-21T09:39:33CEST    font_manager.py:1423     _findfont_cached() DEBUG   : findfont: score(FontEntry(fname='/usr/share/fonts/urw-base35/NimbusSansNarrow-Oblique.otf', name='Nimbus Sans Narrow', style='oblique', variant='normal', weight=400, stretch='condensed', size='scalable')) = 11.25
2024-05-21T09:39:33CEST    font_manager.py:1423     _findfont_cached() DEBUG   : findfont: score(FontEntry(fname='/usr/share/fonts/google-noto-cjk/NotoSansCJK-Regular.ttc', name='Noto Sans CJK JP', style='normal', variant='normal', weight=400, stretch='normal', size='scalable')) = 10.05
2024-05-21T09:39:33CEST    font_manager.py:1423     _findfont_cached() DEBUG   : findfont: score(FontEntry(fname='/usr/share/fonts/paratype-pt-sans/PTS75F.ttf', name='PT Sans', style='normal', variant='normal', weight=700, stretch='normal', size='scalable')) = 10.335
2024-05-21T09:39:33CEST    font_manager.py:1423     _findfont_cached() DEBUG   : findfont: score(FontEntry(fname='/usr/share/fonts/abattis-cantarell/Cantarell-BoldOblique.otf', name='Cantarell', style='oblique', variant='normal', weight=700, stretch='normal', size='scalable')) = 11.335
2024-05-21T09:39:33CEST    font_manager.py:1423     _findfont_cached() DEBUG   : findfont: score(FontEntry(fname='/usr/share/fonts/gnu-free/FreeSerifBold.ttf', name='FreeSerif', style='normal', variant='normal', weight=700, stretch='normal', size='scalable')) = 10.335
2024-05-21T09:39:33CEST    font_manager.py:1423     _findfont_cached() DEBUG   : findfont: score(FontEntry(fname='/usr/share/fonts/lohit-kannada/Lohit-Kannada.ttf', name='Lohit Kannada', style='normal', variant='normal', weight=400, stretch='normal', size='scalable')) = 10.05
2024-05-21T09:39:33CEST    font_manager.py:1423     _findfont_cached() DEBUG   : findfont: score(FontEntry(fname='/home/raswa151/.conda/envs/tste87/fonts/SourceCodePro-LightIt.ttf', name='Source Code Pro', style='italic', variant='normal', weight=300, stretch='normal', size='scalable')) = 11.145
2024-05-21T09:39:33CEST    font_manager.py:1423     _findfont_cached() DEBUG   : findfont: score(FontEntry(fname='/home/raswa151/.conda/envs/tste87/fonts/SourceCodePro-Medium.ttf', name='Source Code Pro', style='normal', variant='normal', weight=500, stretch='normal', size='scalable')) = 10.145
2024-05-21T09:39:33CEST    font_manager.py:1423     _findfont_cached() DEBUG   : findfont: score(FontEntry(fname='/home/raswa151/.conda/envs/tste87/fonts/SourceCodePro-BoldIt.ttf', name='Source Code Pro', style='italic', variant='normal', weight=700, stretch='normal', size='scalable')) = 11.335
2024-05-21T09:39:33CEST    font_manager.py:1423     _findfont_cached() DEBUG   : findfont: score(FontEntry(fname='/usr/share/fonts/urw-base35/URWBookman-Demi.otf', name='URW Bookman', style='normal', variant='normal', weight=600, stretch='normal', size='scalable')) = 10.24
2024-05-21T09:39:33CEST    font_manager.py:1423     _findfont_cached() DEBUG   : findfont: score(FontEntry(fname='/usr/share/fonts/google-noto-emoji/NotoEmoji-Regular.ttf', name='Noto Emoji', style='normal', variant='normal', weight=400, stretch='normal', size='scalable')) = 10.05
2024-05-21T09:39:33CEST    font_manager.py:1423     _findfont_cached() DEBUG   : findfont: score(FontEntry(fname='/usr/share/fonts/lohit-tamil/Lohit-Tamil.ttf', name='Lohit Tamil', style='normal', variant='normal', weight=400, stretch='normal', size='scalable')) = 10.05
2024-05-21T09:39:33CEST    font_manager.py:1423     _findfont_cached() DEBUG   : findfont: score(FontEntry(fname='/usr/share/fonts/google-noto-cjk/NotoSansCJK-Light.ttc', name='Noto Sans CJK JP', style='normal', variant='normal', weight=300, stretch='normal', size='scalable')) = 10.145
2024-05-21T09:39:33CEST    font_manager.py:1423     _findfont_cached() DEBUG   : findfont: score(FontEntry(fname='/usr/share/fonts/lohit-odia/Lohit-Odia.ttf', name='Lohit Odia', style='normal', variant='normal', weight=400, stretch='normal', size='scalable')) = 10.05
2024-05-21T09:39:33CEST    font_manager.py:1423     _findfont_cached() DEBUG   : findfont: score(FontEntry(fname='/usr/share/fonts/julietaula-montserrat/Montserrat-ThinItalic.otf', name='Montserrat', style='italic', variant='normal', weight=250, stretch='normal', size='scalable')) = 11.1925
2024-05-21T09:39:33CEST    font_manager.py:1423     _findfont_cached() DEBUG   : findfont: score(FontEntry(fname='/usr/share/fonts/urw-base35/URWGothic-DemiOblique.otf', name='URW Gothic', style='oblique', variant='normal', weight=600, stretch='normal', size='scalable')) = 11.24
2024-05-21T09:39:33CEST    font_manager.py:1423     _findfont_cached() DEBUG   : findfont: score(FontEntry(fname='/usr/share/fonts/smc/Meera.ttf', name='Meera', style='normal', variant='normal', weight=400, stretch='normal', size='scalable')) = 10.05
2024-05-21T09:39:33CEST    font_manager.py:1423     _findfont_cached() DEBUG   : findfont: score(FontEntry(fname='/usr/share/fonts/google-crosextra-carlito/Carlito-Italic.ttf', name='Carlito', style='italic', variant='normal', weight=400, stretch='normal', size='scalable')) = 11.05
2024-05-21T09:39:33CEST    font_manager.py:1423     _findfont_cached() DEBUG   : findfont: score(FontEntry(fname='/usr/share/fonts/paktype-naskh-basic/PakTypeNaskhBasic.ttf', name='PakType Naskh Basic', style='normal', variant='normal', weight=400, stretch='normal', size='scalable')) = 10.05
2024-05-21T09:39:33CEST    font_manager.py:1423     _findfont_cached() DEBUG   : findfont: score(FontEntry(fname='/usr/share/fonts/dejavu/DejaVuSerif-BoldItalic.ttf', name='DejaVu Serif', style='italic', variant='normal', weight=700, stretch='normal', size='scalable')) = 11.335
2024-05-21T09:39:33CEST    font_manager.py:1423     _findfont_cached() DEBUG   : findfont: score(FontEntry(fname='/usr/share/fonts/stix/STIX-BoldItalic.otf', name='STIX', style='italic', variant='normal', weight=700, stretch='normal', size='scalable')) = 11.335
2024-05-21T09:39:33CEST    font_manager.py:1423     _findfont_cached() DEBUG   : findfont: score(FontEntry(fname='/usr/share/fonts/liberation-sans/LiberationSans-Bold.ttf', name='Liberation Sans', style='normal', variant='normal', weight=700, stretch='normal', size='scalable')) = 10.335
2024-05-21T09:39:33CEST    font_manager.py:1423     _findfont_cached() DEBUG   : findfont: score(FontEntry(fname='/usr/share/fonts/google-noto-cjk/NotoSansCJK-DemiLight.ttc', name='Noto Sans CJK JP', style='normal', variant='normal', weight=350, stretch='normal', size='scalable')) = 10.0975
2024-05-21T09:39:33CEST    font_manager.py:1423     _findfont_cached() DEBUG   : findfont: score(FontEntry(fname='/usr/share/fonts/urw-base35/Z003-MediumItalic.otf', name='Z003', style='italic', variant='normal', weight=500, stretch='normal', size='scalable')) = 11.145
2024-05-21T09:39:33CEST    font_manager.py:1423     _findfont_cached() DEBUG   : findfont: score(FontEntry(fname='/usr/share/fonts/google-noto-cjk/NotoSerifCJK-Medium.ttc', name='Noto Serif CJK JP', style='normal', variant='normal', weight=500, stretch='normal', size='scalable')) = 10.145
2024-05-21T09:39:33CEST    font_manager.py:1423     _findfont_cached() DEBUG   : findfont: score(FontEntry(fname='/usr/share/fonts/julietaula-montserrat/MontserratAlternates-Italic.otf', name='Montserrat Alternates', style='italic', variant='normal', weight=400, stretch='normal', size='scalable')) = 11.05
2024-05-21T09:39:33CEST    font_manager.py:1423     _findfont_cached() DEBUG   : findfont: score(FontEntry(fname='/usr/share/fonts/julietaula-montserrat/Montserrat-SemiBold.otf', name='Montserrat', style='normal', variant='normal', weight=600, stretch='normal', size='scalable')) = 10.24
2024-05-21T09:39:33CEST    font_manager.py:1423     _findfont_cached() DEBUG   : findfont: score(FontEntry(fname='/home/raswa151/.conda/envs/tste87/fonts/SourceCodePro-Bold.ttf', name='Source Code Pro', style='normal', variant='normal', weight=700, stretch='normal', size='scalable')) = 10.335
2024-05-21T09:39:33CEST    font_manager.py:1423     _findfont_cached() DEBUG   : findfont: score(FontEntry(fname='/usr/share/fonts/urw-base35/P052-Roman.otf', name='P052', style='normal', variant='normal', weight=400, stretch='normal', size='scalable')) = 10.05
2024-05-21T09:39:33CEST    font_manager.py:1423     _findfont_cached() DEBUG   : findfont: score(FontEntry(fname='/usr/share/fonts/google-crosextra-caladea/Caladea-Bold.ttf', name='Caladea', style='normal', variant='normal', weight=700, stretch='normal', size='scalable')) = 10.335
2024-05-21T09:39:33CEST    font_manager.py:1423     _findfont_cached() DEBUG   : findfont: score(FontEntry(fname='/usr/share/fonts/paratype-pt-sans/PTN77F.ttf', name='PT Sans Narrow', style='normal', variant='normal', weight=700, stretch='condensed', size='scalable')) = 10.535
2024-05-21T09:39:33CEST    font_manager.py:1423     _findfont_cached() DEBUG   : findfont: score(FontEntry(fname='/usr/share/fonts/sil-nuosu/NuosuSIL-Regular.ttf', name='Nuosu SIL', style='normal', variant='normal', weight=400, stretch='normal', size='scalable')) = 10.05
2024-05-21T09:39:33CEST    font_manager.py:1423     _findfont_cached() DEBUG   : findfont: score(FontEntry(fname='/usr/share/fonts/liberation-serif/LiberationSerif-Italic.ttf', name='Liberation Serif', style='italic', variant='normal', weight=400, stretch='normal', size='scalable')) = 11.05
2024-05-21T09:39:33CEST    font_manager.py:1423     _findfont_cached() DEBUG   : findfont: score(FontEntry(fname='/usr/share/fonts/dejavu/DejaVuSans.ttf', name='DejaVu Sans', style='normal', variant='normal', weight=400, stretch='normal', size='scalable')) = 0.05
2024-05-21T09:39:33CEST    font_manager.py:1423     _findfont_cached() DEBUG   : findfont: score(FontEntry(fname='/usr/share/fonts/google-droid/DroidSansTamil-Bold.ttf', name='Droid Sans Tamil', style='normal', variant='normal', weight=700, stretch='normal', size='scalable')) = 10.335
2024-05-21T09:39:33CEST    font_manager.py:1423     _findfont_cached() DEBUG   : findfont: score(FontEntry(fname='/usr/share/fonts/lohit-telugu/Lohit-Telugu.ttf', name='Lohit Telugu', style='normal', variant='normal', weight=400, stretch='normal', size='scalable')) = 10.05
2024-05-21T09:39:33CEST    font_manager.py:1423     _findfont_cached() DEBUG   : findfont: score(FontEntry(fname='/usr/share/fonts/julietaula-montserrat/MontserratAlternates-SemiBoldItalic.otf', name='Montserrat Alternates', style='italic', variant='normal', weight=600, stretch='normal', size='scalable')) = 11.24
2024-05-21T09:39:33CEST    font_manager.py:1423     _findfont_cached() DEBUG   : findfont: score(FontEntry(fname='/usr/share/fonts/stix/STIX-Regular.otf', name='STIX', style='normal', variant='normal', weight=400, stretch='normal', size='scalable')) = 10.05
2024-05-21T09:39:33CEST    font_manager.py:1423     _findfont_cached() DEBUG   : findfont: score(FontEntry(fname='/usr/share/fonts/julietaula-montserrat/Montserrat-Regular.otf', name='Montserrat', style='normal', variant='normal', weight=400, stretch='normal', size='scalable')) = 10.05
2024-05-21T09:39:33CEST    font_manager.py:1423     _findfont_cached() DEBUG   : findfont: score(FontEntry(fname='/usr/share/fonts/google-noto/NotoSansTaiViet-Regular.ttf', name='Noto Sans Tai Viet', style='normal', variant='normal', weight=400, stretch='normal', size='scalable')) = 10.05
2024-05-21T09:39:33CEST    font_manager.py:1423     _findfont_cached() DEBUG   : findfont: score(FontEntry(fname='/home/raswa151/.conda/envs/tste87/fonts/SourceCodePro-ExtraLightIt.ttf', name='Source Code Pro', style='italic', variant='normal', weight=200, stretch='normal', size='scalable')) = 11.24
2024-05-21T09:39:33CEST    font_manager.py:1423     _findfont_cached() DEBUG   : findfont: score(FontEntry(fname='/home/raswa151/.conda/envs/tste87/fonts/SourceCodePro-SemiboldIt.ttf', name='Source Code Pro', style='italic', variant='normal', weight=600, stretch='normal', size='scalable')) = 11.24
2024-05-21T09:39:33CEST    font_manager.py:1423     _findfont_cached() DEBUG   : findfont: score(FontEntry(fname='/usr/share/fonts/google-noto/NotoSansMeeteiMayek-Regular.ttf', name='Noto Sans Meetei Mayek', style='normal', variant='normal', weight=400, stretch='normal', size='scalable')) = 10.05
2024-05-21T09:39:33CEST    font_manager.py:1423     _findfont_cached() DEBUG   : findfont: score(FontEntry(fname='/usr/share/fonts/urw-base35/NimbusRoman-Regular.otf', name='Nimbus Roman', style='normal', variant='normal', weight=400, stretch='normal', size='scalable')) = 10.05
2024-05-21T09:39:33CEST    font_manager.py:1423     _findfont_cached() DEBUG   : findfont: score(FontEntry(fname='/usr/share/fonts/urw-base35/P052-Bold.otf', name='P052', style='normal', variant='normal', weight=700, stretch='normal', size='scalable')) = 10.335
2024-05-21T09:39:33CEST    font_manager.py:1423     _findfont_cached() DEBUG   : findfont: score(FontEntry(fname='/usr/share/fonts/google-droid/DroidSansTamil-Regular.ttf', name='Droid Sans Tamil', style='normal', variant='normal', weight=400, stretch='normal', size='scalable')) = 10.05
2024-05-21T09:39:33CEST    font_manager.py:1423     _findfont_cached() DEBUG   : findfont: score(FontEntry(fname='/usr/share/fonts/julietaula-montserrat/MontserratAlternates-ExtraLightItalic.otf', name='Montserrat Alternates', style='italic', variant='normal', weight=275, stretch='normal', size='scalable')) = 11.16875
2024-05-21T09:39:33CEST    font_manager.py:1423     _findfont_cached() DEBUG   : findfont: score(FontEntry(fname='/usr/share/fonts/dejavu/DejaVuSansMono-BoldOblique.ttf', name='DejaVu Sans Mono', style='oblique', variant='normal', weight=700, stretch='normal', size='scalable')) = 11.335
2024-05-21T09:39:33CEST    font_manager.py:1423     _findfont_cached() DEBUG   : findfont: score(FontEntry(fname='/usr/share/fonts/julietaula-montserrat/Montserrat-ExtraLightItalic.otf', name='Montserrat', style='italic', variant='normal', weight=275, stretch='normal', size='scalable')) = 11.16875
2024-05-21T09:39:33CEST    font_manager.py:1423     _findfont_cached() DEBUG   : findfont: score(FontEntry(fname='/usr/share/fonts/sil-abyssinica/AbyssinicaSIL-R.ttf', name='Abyssinica SIL', style='normal', variant='normal', weight=400, stretch='normal', size='scalable')) = 10.05
2024-05-21T09:39:33CEST    font_manager.py:1423     _findfont_cached() DEBUG   : findfont: score(FontEntry(fname='/usr/share/fonts/dejavu/DejaVuSansCondensed-Oblique.ttf', name='DejaVu Sans', style='oblique', variant='normal', weight=400, stretch='condensed', size='scalable')) = 1.25
2024-05-21T09:39:33CEST    font_manager.py:1423     _findfont_cached() DEBUG   : findfont: score(FontEntry(fname='/usr/share/fonts/liberation-sans/LiberationSans-BoldItalic.ttf', name='Liberation Sans', style='italic', variant='normal', weight=700, stretch='normal', size='scalable')) = 11.335
2024-05-21T09:39:33CEST    font_manager.py:1423     _findfont_cached() DEBUG   : findfont: score(FontEntry(fname='/usr/share/fonts/liberation-sans/LiberationSans-Italic.ttf', name='Liberation Sans', style='italic', variant='normal', weight=400, stretch='normal', size='scalable')) = 11.05
2024-05-21T09:39:33CEST    font_manager.py:1423     _findfont_cached() DEBUG   : findfont: score(FontEntry(fname='/usr/share/fonts/dejavu/DejaVuSans-BoldOblique.ttf', name='DejaVu Sans', style='oblique', variant='normal', weight=700, stretch='normal', size='scalable')) = 1.335
2024-05-21T09:39:33CEST    font_manager.py:1423     _findfont_cached() DEBUG   : findfont: score(FontEntry(fname='/usr/share/fonts/google-crosextra-caladea/Caladea-Regular.ttf', name='Caladea', style='normal', variant='normal', weight=400, stretch='normal', size='scalable')) = 10.05
2024-05-21T09:39:33CEST    font_manager.py:1423     _findfont_cached() DEBUG   : findfont: score(FontEntry(fname='/usr/share/fonts/gnu-free/FreeSerif.ttf', name='FreeSerif', style='normal', variant='normal', weight=400, stretch='normal', size='scalable')) = 10.05
2024-05-21T09:39:33CEST    font_manager.py:1423     _findfont_cached() DEBUG   : findfont: score(FontEntry(fname='/home/raswa151/.conda/envs/tste87/fonts/SourceCodePro-MediumIt.ttf', name='Source Code Pro', style='italic', variant='normal', weight=500, stretch='normal', size='scalable')) = 11.145
2024-05-21T09:39:33CEST    font_manager.py:1423     _findfont_cached() DEBUG   : findfont: score(FontEntry(fname='/usr/share/fonts/liberation-sans/LiberationSans-Regular.ttf', name='Liberation Sans', style='normal', variant='normal', weight=400, stretch='normal', size='scalable')) = 10.05
2024-05-21T09:39:33CEST    font_manager.py:1423     _findfont_cached() DEBUG   : findfont: score(FontEntry(fname='/home/raswa151/.conda/envs/tste87/fonts/SourceCodePro-Regular.ttf', name='Source Code Pro', style='normal', variant='normal', weight=400, stretch='normal', size='scalable')) = 10.05
2024-05-21T09:39:33CEST    font_manager.py:1423     _findfont_cached() DEBUG   : findfont: score(FontEntry(fname='/usr/share/fonts/paratype-pt-sans/PTS56F.ttf', name='PT Sans', style='italic', variant='normal', weight=400, stretch='normal', size='scalable')) = 11.05
2024-05-21T09:39:33CEST    font_manager.py:1423     _findfont_cached() DEBUG   : findfont: score(FontEntry(fname='/home/raswa151/.conda/envs/tste87/fonts/Ubuntu-BI.ttf', name='Ubuntu', style='italic', variant='normal', weight=700, stretch='normal', size='scalable')) = 11.335
2024-05-21T09:39:33CEST    font_manager.py:1423     _findfont_cached() DEBUG   : findfont: score(FontEntry(fname='/usr/share/fonts/julietaula-montserrat/MontserratAlternates-BlackItalic.otf', name='Montserrat Alternates', style='italic', variant='normal', weight=900, stretch='normal', size='scalable')) = 11.525
2024-05-21T09:39:33CEST    font_manager.py:1423     _findfont_cached() DEBUG   : findfont: score(FontEntry(fname='/usr/share/fonts/google-noto-cjk/NotoSerifCJK-SemiBold.ttc', name='Noto Serif CJK JP', style='normal', variant='normal', weight=600, stretch='normal', size='scalable')) = 10.24
2024-05-21T09:39:33CEST    font_manager.py:1423     _findfont_cached() DEBUG   : findfont: score(FontEntry(fname='/usr/share/fonts/urw-base35/D050000L.otf', name='D050000L', style='normal', variant='normal', weight=400, stretch='normal', size='scalable')) = 10.05
2024-05-21T09:39:33CEST    font_manager.py:1423     _findfont_cached() DEBUG   : findfont: score(FontEntry(fname='/home/raswa151/.conda/envs/tste87/fonts/SourceCodePro-Light.ttf', name='Source Code Pro', style='normal', variant='normal', weight=300, stretch='normal', size='scalable')) = 10.145
2024-05-21T09:39:33CEST    font_manager.py:1423     _findfont_cached() DEBUG   : findfont: score(FontEntry(fname='/usr/share/fonts/paratype-pt-sans/PTS55F.ttf', name='PT Sans', style='normal', variant='normal', weight=400, stretch='normal', size='scalable')) = 10.05
2024-05-21T09:39:33CEST    font_manager.py:1423     _findfont_cached() DEBUG   : findfont: score(FontEntry(fname='/usr/share/fonts/urw-base35/P052-BoldItalic.otf', name='P052', style='italic', variant='normal', weight=700, stretch='normal', size='scalable')) = 11.335
2024-05-21T09:39:33CEST    font_manager.py:1423     _findfont_cached() DEBUG   : findfont: score(FontEntry(fname='/usr/share/fonts/thai-scalable/Waree-Oblique.ttf', name='Waree', style='oblique', variant='normal', weight=400, stretch='normal', size='scalable')) = 11.05
2024-05-21T09:39:33CEST    font_manager.py:1423     _findfont_cached() DEBUG   : findfont: score(FontEntry(fname='/usr/share/fonts/liberation-serif/LiberationSerif-Regular.ttf', name='Liberation Serif', style='normal', variant='normal', weight=400, stretch='normal', size='scalable')) = 10.05
2024-05-21T09:39:33CEST    font_manager.py:1423     _findfont_cached() DEBUG   : findfont: score(FontEntry(fname='/usr/share/fonts/urw-base35/URWBookman-DemiItalic.otf', name='URW Bookman', style='italic', variant='normal', weight=600, stretch='normal', size='scalable')) = 11.24
2024-05-21T09:39:33CEST    font_manager.py:1423     _findfont_cached() DEBUG   : findfont: score(FontEntry(fname='/usr/share/fonts/liberation-serif/LiberationSerif-BoldItalic.ttf', name='Liberation Serif', style='italic', variant='normal', weight=700, stretch='normal', size='scalable')) = 11.335
2024-05-21T09:39:33CEST    font_manager.py:1423     _findfont_cached() DEBUG   : findfont: score(FontEntry(fname='/usr/share/fonts/julietaula-montserrat/MontserratAlternates-MediumItalic.otf', name='Montserrat Alternates', style='italic', variant='normal', weight=500, stretch='normal', size='scalable')) = 11.145
2024-05-21T09:39:33CEST    font_manager.py:1423     _findfont_cached() DEBUG   : findfont: score(FontEntry(fname='/usr/share/fonts/urw-base35/NimbusSans-Regular.otf', name='Nimbus Sans', style='normal', variant='normal', weight=400, stretch='normal', size='scalable')) = 10.05
2024-05-21T09:39:33CEST    font_manager.py:1423     _findfont_cached() DEBUG   : findfont: score(FontEntry(fname='/usr/share/fonts/julietaula-montserrat/MontserratAlternates-SemiBold.otf', name='Montserrat Alternates', style='normal', variant='normal', weight=600, stretch='normal', size='scalable')) = 10.24
2024-05-21T09:39:33CEST    font_manager.py:1423     _findfont_cached() DEBUG   : findfont: score(FontEntry(fname='/usr/share/fonts/julietaula-montserrat/MontserratAlternates-Black.otf', name='Montserrat Alternates', style='normal', variant='normal', weight=900, stretch='normal', size='scalable')) = 10.525
2024-05-21T09:39:33CEST    font_manager.py:1423     _findfont_cached() DEBUG   : findfont: score(FontEntry(fname='/home/raswa151/.conda/envs/tste87/fonts/Ubuntu-C.ttf', name='Ubuntu Condensed', style='normal', variant='normal', weight=400, stretch='condensed', size='scalable')) = 10.25
2024-05-21T09:39:33CEST    font_manager.py:1423     _findfont_cached() DEBUG   : findfont: score(FontEntry(fname='/usr/share/fonts/sil-padauk/Padauk-Bold.ttf', name='Padauk', style='normal', variant='normal', weight=700, stretch='normal', size='scalable')) = 10.335
2024-05-21T09:39:33CEST    font_manager.py:1423     _findfont_cached() DEBUG   : findfont: score(FontEntry(fname='/usr/share/fonts/google-crosextra-carlito/Carlito-Bold.ttf', name='Carlito', style='normal', variant='normal', weight=700, stretch='normal', size='scalable')) = 10.335
2024-05-21T09:39:33CEST    font_manager.py:1423     _findfont_cached() DEBUG   : findfont: score(FontEntry(fname='/usr/share/fonts/lohit-assamese/Lohit-Assamese.ttf', name='Lohit Assamese', style='normal', variant='normal', weight=400, stretch='normal', size='scalable')) = 10.05
2024-05-21T09:39:33CEST    font_manager.py:1423     _findfont_cached() DEBUG   : findfont: score(FontEntry(fname='/usr/share/fonts/stix/STIX-Bold.otf', name='STIX', style='normal', variant='normal', weight=700, stretch='normal', size='scalable')) = 10.335
2024-05-21T09:39:33CEST    font_manager.py:1423     _findfont_cached() DEBUG   : findfont: score(FontEntry(fname='/home/raswa151/.conda/envs/tste87/fonts/UbuntuMono-R.ttf', name='Ubuntu Mono', style='normal', variant='normal', weight=400, stretch='normal', size='scalable')) = 10.05
2024-05-21T09:39:33CEST    font_manager.py:1423     _findfont_cached() DEBUG   : findfont: score(FontEntry(fname='/usr/share/fonts/dejavu/DejaVuSerifCondensed.ttf', name='DejaVu Serif', style='normal', variant='normal', weight=400, stretch='condensed', size='scalable')) = 10.25
2024-05-21T09:39:33CEST    font_manager.py:1423     _findfont_cached() DEBUG   : findfont: score(FontEntry(fname='/usr/share/fonts/google-noto-cjk/NotoSerifCJK-Black.ttc', name='Noto Serif CJK JP', style='normal', variant='normal', weight=900, stretch='normal', size='scalable')) = 10.525
2024-05-21T09:39:33CEST    font_manager.py:1423     _findfont_cached() DEBUG   : findfont: score(FontEntry(fname='/usr/share/fonts/google-droid/DroidSansArmenian.ttf', name='Droid Sans Armenian', style='normal', variant='normal', weight=400, stretch='normal', size='scalable')) = 10.05
2024-05-21T09:39:33CEST    font_manager.py:1423     _findfont_cached() DEBUG   : findfont: score(FontEntry(fname='/usr/share/fonts/dejavu/DejaVuSansCondensed-Bold.ttf', name='DejaVu Sans', style='normal', variant='normal', weight=700, stretch='condensed', size='scalable')) = 0.5349999999999999
2024-05-21T09:39:33CEST    font_manager.py:1423     _findfont_cached() DEBUG   : findfont: score(FontEntry(fname='/usr/share/fonts/google-noto-cjk/NotoSansCJK-Black.ttc', name='Noto Sans CJK JP', style='normal', variant='normal', weight=900, stretch='normal', size='scalable')) = 10.525
2024-05-21T09:39:33CEST    font_manager.py:1423     _findfont_cached() DEBUG   : findfont: score(FontEntry(fname='/usr/share/fonts/dejavu/DejaVuSansMono-Bold.ttf', name='DejaVu Sans Mono', style='normal', variant='normal', weight=700, stretch='normal', size='scalable')) = 10.335
2024-05-21T09:39:33CEST    font_manager.py:1423     _findfont_cached() DEBUG   : findfont: score(FontEntry(fname='/usr/share/fonts/google-crosextra-carlito/Carlito-BoldItalic.ttf', name='Carlito', style='italic', variant='normal', weight=700, stretch='normal', size='scalable')) = 11.335
2024-05-21T09:39:33CEST    font_manager.py:1423     _findfont_cached() DEBUG   : findfont: score(FontEntry(fname='/usr/share/fonts/gnu-free/FreeSerifBoldItalic.ttf', name='FreeSerif', style='italic', variant='normal', weight=700, stretch='normal', size='scalable')) = 11.335
2024-05-21T09:39:33CEST    font_manager.py:1423     _findfont_cached() DEBUG   : findfont: score(FontEntry(fname='/home/raswa151/.conda/envs/tste87/fonts/Ubuntu-R.ttf', name='Ubuntu', style='normal', variant='normal', weight=400, stretch='normal', size='scalable')) = 10.05
2024-05-21T09:39:33CEST    font_manager.py:1423     _findfont_cached() DEBUG   : findfont: score(FontEntry(fname='/usr/share/fonts/urw-base35/NimbusSans-BoldItalic.otf', name='Nimbus Sans', style='italic', variant='normal', weight=700, stretch='normal', size='scalable')) = 11.335
2024-05-21T09:39:33CEST    font_manager.py:1423     _findfont_cached() DEBUG   : findfont: score(FontEntry(fname='/usr/share/fonts/julietaula-montserrat/MontserratAlternates-ExtraBold.otf', name='Montserrat Alternates', style='normal', variant='normal', weight=800, stretch='normal', size='scalable')) = 10.43
2024-05-21T09:39:33CEST    font_manager.py:1423     _findfont_cached() DEBUG   : findfont: score(FontEntry(fname='/usr/share/fonts/julietaula-montserrat/Montserrat-MediumItalic.otf', name='Montserrat', style='italic', variant='normal', weight=500, stretch='normal', size='scalable')) = 11.145
2024-05-21T09:39:33CEST    font_manager.py:1423     _findfont_cached() DEBUG   : findfont: score(FontEntry(fname='/home/raswa151/.conda/envs/tste87/fonts/Ubuntu-LI.ttf', name='Ubuntu', style='italic', variant='normal', weight=300, stretch='normal', size='scalable')) = 11.145
2024-05-21T09:39:33CEST    font_manager.py:1423     _findfont_cached() DEBUG   : findfont: score(FontEntry(fname='/usr/share/fonts/julietaula-montserrat/MontserratAlternates-BoldItalic.otf', name='Montserrat Alternates', style='italic', variant='normal', weight=700, stretch='normal', size='scalable')) = 11.335
2024-05-21T09:39:33CEST    font_manager.py:1423     _findfont_cached() DEBUG   : findfont: score(FontEntry(fname='/usr/share/fonts/urw-base35/URWGothic-BookOblique.otf', name='URW Gothic', style='oblique', variant='normal', weight=400, stretch='normal', size='scalable')) = 11.05
2024-05-21T09:39:33CEST    font_manager.py:1423     _findfont_cached() DEBUG   : findfont: score(FontEntry(fname='/usr/share/fonts/gnu-free/FreeMonoBold.ttf', name='FreeMono', style='normal', variant='normal', weight=700, stretch='normal', size='scalable')) = 10.335
2024-05-21T09:39:33CEST    font_manager.py:1423     _findfont_cached() DEBUG   : findfont: score(FontEntry(fname='/usr/share/fonts/dejavu/DejaVuSansMono.ttf', name='DejaVu Sans Mono', style='normal', variant='normal', weight=400, stretch='normal', size='scalable')) = 10.05
2024-05-21T09:39:33CEST    font_manager.py:1423     _findfont_cached() DEBUG   : findfont: score(FontEntry(fname='/usr/share/fonts/dejavu/DejaVuSerifCondensed-BoldItalic.ttf', name='DejaVu Serif', style='italic', variant='normal', weight=700, stretch='condensed', size='scalable')) = 11.535
2024-05-21T09:39:33CEST    font_manager.py:1423     _findfont_cached() DEBUG   : findfont: score(FontEntry(fname='/usr/share/fonts/urw-base35/NimbusSansNarrow-Regular.otf', name='Nimbus Sans Narrow', style='normal', variant='normal', weight=400, stretch='condensed', size='scalable')) = 10.25
2024-05-21T09:39:33CEST    font_manager.py:1423     _findfont_cached() DEBUG   : findfont: score(FontEntry(fname='/home/raswa151/.conda/envs/tste87/fonts/SourceCodePro-BlackIt.ttf', name='Source Code Pro', style='italic', variant='normal', weight=900, stretch='normal', size='scalable')) = 11.525
2024-05-21T09:39:33CEST    font_manager.py:1423     _findfont_cached() DEBUG   : findfont: score(FontEntry(fname='/usr/share/fonts/gnu-free/FreeMono.ttf', name='FreeMono', style='normal', variant='normal', weight=400, stretch='normal', size='scalable')) = 10.05
2024-05-21T09:39:33CEST    font_manager.py:1423     _findfont_cached() DEBUG   : findfont: score(FontEntry(fname='/usr/share/fonts/khmeros/KhmerOS_content.ttf', name='Khmer OS Content', style='normal', variant='normal', weight=400, stretch='normal', size='scalable')) = 10.05
2024-05-21T09:39:33CEST    font_manager.py:1423     _findfont_cached() DEBUG   : findfont: score(FontEntry(fname='/usr/share/fonts/google-noto-cjk/NotoSerifCJK-ExtraLight.ttc', name='Noto Serif CJK JP', style='normal', variant='normal', weight=200, stretch='normal', size='scalable')) = 10.24
2024-05-21T09:39:33CEST    font_manager.py:1423     _findfont_cached() DEBUG   : findfont: score(FontEntry(fname='/usr/share/fonts/paratype-pt-sans/PTS76F.ttf', name='PT Sans', style='italic', variant='normal', weight=700, stretch='normal', size='scalable')) = 11.335
2024-05-21T09:39:33CEST    font_manager.py:1423     _findfont_cached() DEBUG   : findfont: score(FontEntry(fname='/usr/share/fonts/urw-base35/NimbusMonoPS-Regular.otf', name='Nimbus Mono PS', style='normal', variant='normal', weight=400, stretch='normal', size='scalable')) = 10.05
2024-05-21T09:39:33CEST    font_manager.py:1423     _findfont_cached() DEBUG   : findfont: score(FontEntry(fname='/usr/share/fonts/julietaula-montserrat/Montserrat-BlackItalic.otf', name='Montserrat', style='italic', variant='normal', weight=900, stretch='normal', size='scalable')) = 11.525
2024-05-21T09:39:33CEST    font_manager.py:1423     _findfont_cached() DEBUG   : findfont: score(FontEntry(fname='/usr/share/fonts/julietaula-montserrat/MontserratAlternates-ThinItalic.otf', name='Montserrat Alternates', style='italic', variant='normal', weight=250, stretch='normal', size='scalable')) = 11.1925
2024-05-21T09:39:33CEST    font_manager.py:1423     _findfont_cached() DEBUG   : findfont: score(FontEntry(fname='/usr/share/fonts/julietaula-montserrat/Montserrat-Black.otf', name='Montserrat', style='normal', variant='normal', weight=900, stretch='normal', size='scalable')) = 10.525
2024-05-21T09:39:33CEST    font_manager.py:1423     _findfont_cached() DEBUG   : findfont: score(FontEntry(fname='/usr/share/fonts/urw-base35/C059-Italic.otf', name='C059', style='italic', variant='normal', weight=400, stretch='normal', size='scalable')) = 11.05
2024-05-21T09:39:33CEST    font_manager.py:1423     _findfont_cached() DEBUG   : findfont: score(FontEntry(fname='/usr/share/fonts/dejavu/DejaVuSerifCondensed-Bold.ttf', name='DejaVu Serif', style='normal', variant='normal', weight=700, stretch='condensed', size='scalable')) = 10.535
2024-05-21T09:39:33CEST    font_manager.py:1423     _findfont_cached() DEBUG   : findfont: score(FontEntry(fname='/usr/share/fonts/google-droid/DroidSansThai.ttf', name='Droid Sans Thai', style='normal', variant='normal', weight=400, stretch='normal', size='scalable')) = 10.05
2024-05-21T09:39:33CEST    font_manager.py:1423     _findfont_cached() DEBUG   : findfont: score(FontEntry(fname='/usr/share/fonts/google-droid/DroidSansHebrew-Regular.ttf', name='Droid Sans Hebrew', style='normal', variant='normal', weight=400, stretch='normal', size='scalable')) = 10.05
2024-05-21T09:39:33CEST    font_manager.py:1423     _findfont_cached() DEBUG   : findfont: score(FontEntry(fname='/usr/share/fonts/julietaula-montserrat/MontserratAlternates-Medium.otf', name='Montserrat Alternates', style='normal', variant='normal', weight=500, stretch='normal', size='scalable')) = 10.145
2024-05-21T09:39:33CEST    font_manager.py:1423     _findfont_cached() DEBUG   : findfont: score(FontEntry(fname='/usr/share/fonts/julietaula-montserrat/Montserrat-Thin.otf', name='Montserrat', style='normal', variant='normal', weight=250, stretch='normal', size='scalable')) = 10.1925
2024-05-21T09:39:33CEST    font_manager.py:1423     _findfont_cached() DEBUG   : findfont: score(FontEntry(fname='/usr/share/fonts/google-noto/NotoSansSinhala-Bold.ttf', name='Noto Sans Sinhala', style='normal', variant='normal', weight=700, stretch='normal', size='scalable')) = 10.335
2024-05-21T09:39:33CEST    font_manager.py:1423     _findfont_cached() DEBUG   : findfont: score(FontEntry(fname='/usr/share/fonts/google-droid/DroidSansGeorgian.ttf', name='Droid Sans Georgian', style='normal', variant='normal', weight=400, stretch='normal', size='scalable')) = 10.05
2024-05-21T09:39:33CEST    font_manager.py:1423     _findfont_cached() DEBUG   : findfont: score(FontEntry(fname='/usr/share/fonts/paratype-pt-sans/PTN57F.ttf', name='PT Sans Narrow', style='normal', variant='normal', weight=400, stretch='condensed', size='scalable')) = 10.25
2024-05-21T09:39:33CEST    font_manager.py:1423     _findfont_cached() DEBUG   : findfont: score(FontEntry(fname='/usr/share/fonts/abattis-cantarell/Cantarell-Bold.otf', name='Cantarell', style='normal', variant='normal', weight=700, stretch='normal', size='scalable')) = 10.335
2024-05-21T09:39:33CEST    font_manager.py:1423     _findfont_cached() DEBUG   : findfont: score(FontEntry(fname='/usr/share/fonts/google-noto/NotoSansMandaic-Regular.ttf', name='Noto Sans Mandaic', style='normal', variant='normal', weight=400, stretch='normal', size='scalable')) = 10.05
2024-05-21T09:39:33CEST    font_manager.py:1423     _findfont_cached() DEBUG   : findfont: score(FontEntry(fname='/usr/share/fonts/julietaula-montserrat/Montserrat-SemiBoldItalic.otf', name='Montserrat', style='italic', variant='normal', weight=600, stretch='normal', size='scalable')) = 11.24
2024-05-21T09:39:33CEST    font_manager.py:1423     _findfont_cached() DEBUG   : findfont: score(FontEntry(fname='/usr/share/fonts/dejavu/DejaVuSerif-Italic.ttf', name='DejaVu Serif', style='italic', variant='normal', weight=400, stretch='normal', size='scalable')) = 11.05
2024-05-21T09:39:33CEST    font_manager.py:1423     _findfont_cached() DEBUG   : findfont: score(FontEntry(fname='/usr/share/fonts/sil-padauk/Padauk-Regular.ttf', name='Padauk', style='normal', variant='normal', weight=400, stretch='normal', size='scalable')) = 10.05
2024-05-21T09:39:33CEST    font_manager.py:1423     _findfont_cached() DEBUG   : findfont: score(FontEntry(fname='/usr/share/fonts/urw-base35/URWBookman-Light.otf', name='URW Bookman', style='normal', variant='normal', weight=300, stretch='normal', size='scalable')) = 10.145
2024-05-21T09:39:33CEST    font_manager.py:1423     _findfont_cached() DEBUG   : findfont: score(FontEntry(fname='/usr/share/fonts/julietaula-montserrat/Montserrat-Medium.otf', name='Montserrat', style='normal', variant='normal', weight=500, stretch='normal', size='scalable')) = 10.145
2024-05-21T09:39:33CEST    font_manager.py:1423     _findfont_cached() DEBUG   : findfont: score(FontEntry(fname='/usr/share/fonts/urw-base35/NimbusRoman-Italic.otf', name='Nimbus Roman', style='italic', variant='normal', weight=400, stretch='normal', size='scalable')) = 11.05
2024-05-21T09:39:33CEST    font_manager.py:1423     _findfont_cached() DEBUG   : findfont: score(FontEntry(fname='/usr/share/fonts/dejavu/DejaVuSansCondensed.ttf', name='DejaVu Sans', style='normal', variant='normal', weight=400, stretch='condensed', size='scalable')) = 0.25
2024-05-21T09:39:33CEST    font_manager.py:1423     _findfont_cached() DEBUG   : findfont: score(FontEntry(fname='/usr/share/fonts/julietaula-montserrat/Montserrat-Light.otf', name='Montserrat', style='normal', variant='normal', weight=300, stretch='normal', size='scalable')) = 10.145
2024-05-21T09:39:33CEST    font_manager.py:1423     _findfont_cached() DEBUG   : findfont: score(FontEntry(fname='/usr/share/fonts/liberation-mono/LiberationMono-BoldItalic.ttf', name='Liberation Mono', style='italic', variant='normal', weight=700, stretch='normal', size='scalable')) = 11.335
2024-05-21T09:39:33CEST    font_manager.py:1423     _findfont_cached() DEBUG   : findfont: score(FontEntry(fname='/usr/share/fonts/google-droid/DroidSansFallback.ttf', name='Droid Sans Fallback', style='normal', variant='normal', weight=400, stretch='normal', size='scalable')) = 10.05
2024-05-21T09:39:33CEST    font_manager.py:1423     _findfont_cached() DEBUG   : findfont: score(FontEntry(fname='/usr/share/fonts/dejavu/DejaVuSans-Bold.ttf', name='DejaVu Sans', style='normal', variant='normal', weight=700, stretch='normal', size='scalable')) = 0.33499999999999996
2024-05-21T09:39:33CEST    font_manager.py:1423     _findfont_cached() DEBUG   : findfont: score(FontEntry(fname='/usr/share/fonts/julietaula-montserrat/MontserratAlternates-Regular.otf', name='Montserrat Alternates', style='normal', variant='normal', weight=400, stretch='normal', size='scalable')) = 10.05
2024-05-21T09:39:33CEST    font_manager.py:1423     _findfont_cached() DEBUG   : findfont: score(FontEntry(fname='/usr/share/fonts/julietaula-montserrat/MontserratAlternates-Thin.otf', name='Montserrat Alternates', style='normal', variant='normal', weight=250, stretch='normal', size='scalable')) = 10.1925
2024-05-21T09:39:33CEST    font_manager.py:1423     _findfont_cached() DEBUG   : findfont: score(FontEntry(fname='/home/raswa151/.conda/envs/tste87/fonts/DejaVuSans.ttf', name='DejaVu Sans', style='normal', variant='normal', weight=400, stretch='normal', size='scalable')) = 0.05
2024-05-21T09:39:33CEST    font_manager.py:1423     _findfont_cached() DEBUG   : findfont: score(FontEntry(fname='/usr/share/fonts/julietaula-montserrat/Montserrat-ExtraLight.otf', name='Montserrat', style='normal', variant='normal', weight=275, stretch='normal', size='scalable')) = 10.16875
2024-05-21T09:39:33CEST    font_manager.py:1423     _findfont_cached() DEBUG   : findfont: score(FontEntry(fname='/usr/share/fonts/gnu-free/FreeSansOblique.ttf', name='FreeSans', style='oblique', variant='normal', weight=400, stretch='normal', size='scalable')) = 11.05
2024-05-21T09:39:33CEST    font_manager.py:1423     _findfont_cached() DEBUG   : findfont: score(FontEntry(fname='/usr/share/fonts/urw-base35/C059-Bold.otf', name='C059', style='normal', variant='normal', weight=700, stretch='normal', size='scalable')) = 10.335
2024-05-21T09:39:33CEST    font_manager.py:1423     _findfont_cached() DEBUG   : findfont: score(FontEntry(fname='/home/raswa151/.conda/envs/tste87/fonts/Inconsolata-Regular.ttf', name='Inconsolata', style='normal', variant='normal', weight=400, stretch='normal', size='scalable')) = 10.05
2024-05-21T09:39:33CEST    font_manager.py:1423     _findfont_cached() DEBUG   : findfont: score(FontEntry(fname='/usr/share/fonts/liberation-serif/LiberationSerif-Bold.ttf', name='Liberation Serif', style='normal', variant='normal', weight=700, stretch='normal', size='scalable')) = 10.335
2024-05-21T09:39:33CEST    font_manager.py:1423     _findfont_cached() DEBUG   : findfont: score(FontEntry(fname='/usr/share/fonts/dejavu/DejaVuSerif-Bold.ttf', name='DejaVu Serif', style='normal', variant='normal', weight=700, stretch='normal', size='scalable')) = 10.335
2024-05-21T09:39:33CEST    font_manager.py:1423     _findfont_cached() DEBUG   : findfont: score(FontEntry(fname='/usr/share/fonts/julietaula-montserrat/Montserrat-ExtraBoldItalic.otf', name='Montserrat', style='italic', variant='normal', weight=800, stretch='normal', size='scalable')) = 11.43
2024-05-21T09:39:33CEST    font_manager.py:1423     _findfont_cached() DEBUG   : findfont: score(FontEntry(fname='/usr/share/fonts/urw-base35/NimbusSans-Italic.otf', name='Nimbus Sans', style='italic', variant='normal', weight=400, stretch='normal', size='scalable')) = 11.05
2024-05-21T09:39:33CEST    font_manager.py:1423     _findfont_cached() DEBUG   : findfont: score(FontEntry(fname='/usr/share/fonts/urw-base35/P052-Italic.otf', name='P052', style='italic', variant='normal', weight=400, stretch='normal', size='scalable')) = 11.05
2024-05-21T09:39:33CEST    font_manager.py:1423     _findfont_cached() DEBUG   : findfont: score(FontEntry(fname='/usr/share/fonts/google-noto/NotoSansLisu-Regular.ttf', name='Noto Sans Lisu', style='normal', variant='normal', weight=400, stretch='normal', size='scalable')) = 10.05
2024-05-21T09:39:33CEST    font_manager.py:1423     _findfont_cached() DEBUG   : findfont: score(FontEntry(fname='/usr/share/fonts/google-droid/DroidSans-Bold.ttf', name='Droid Sans', style='normal', variant='normal', weight=700, stretch='normal', size='scalable')) = 10.335
2024-05-21T09:39:33CEST    font_manager.py:1423     _findfont_cached() DEBUG   : findfont: score(FontEntry(fname='/usr/share/fonts/khmeros/KhmerOS.ttf', name='Khmer OS', style='normal', variant='normal', weight=400, stretch='normal', size='scalable')) = 10.05
2024-05-21T09:39:33CEST    font_manager.py:1423     _findfont_cached() DEBUG   : findfont: score(FontEntry(fname='/home/raswa151/.conda/envs/tste87/fonts/Ubuntu-M.ttf', name='Ubuntu', style='normal', variant='normal', weight=500, stretch='normal', size='scalable')) = 10.145
2024-05-21T09:39:33CEST    font_manager.py:1423     _findfont_cached() DEBUG   : findfont: score(FontEntry(fname='/usr/share/fonts/abattis-cantarell/Cantarell-Regular.otf', name='Cantarell', style='normal', variant='normal', weight=400, stretch='normal', size='scalable')) = 10.05
2024-05-21T09:39:33CEST    font_manager.py:1423     _findfont_cached() DEBUG   : findfont: score(FontEntry(fname='/home/raswa151/.conda/envs/tste87/fonts/SourceCodePro-ExtraLight.ttf', name='Source Code Pro', style='normal', variant='normal', weight=200, stretch='normal', size='scalable')) = 10.24
2024-05-21T09:39:33CEST    font_manager.py:1423     _findfont_cached() DEBUG   : findfont: score(FontEntry(fname='/usr/share/fonts/opensymbol/opens___.ttf', name='OpenSymbol', style='normal', variant='normal', weight=400, stretch='normal', size='scalable')) = 10.05
2024-05-21T09:39:33CEST    font_manager.py:1423     _findfont_cached() DEBUG   : findfont: score(FontEntry(fname='/home/raswa151/.conda/envs/tste87/fonts/UbuntuMono-BI.ttf', name='Ubuntu Mono', style='italic', variant='normal', weight=700, stretch='normal', size='scalable')) = 11.335
2024-05-21T09:39:33CEST    font_manager.py:1423     _findfont_cached() DEBUG   : findfont: score(FontEntry(fname='/usr/share/fonts/google-droid/DroidSans.ttf', name='Droid Sans', style='normal', variant='normal', weight=400, stretch='normal', size='scalable')) = 10.05
2024-05-21T09:39:33CEST    font_manager.py:1423     _findfont_cached() DEBUG   : findfont: score(FontEntry(fname='/usr/share/fonts/liberation-mono/LiberationMono-Regular.ttf', name='Liberation Mono', style='normal', variant='normal', weight=400, stretch='normal', size='scalable')) = 10.05
2024-05-21T09:39:33CEST    font_manager.py:1423     _findfont_cached() DEBUG   : findfont: score(FontEntry(fname='/usr/share/fonts/dejavu/DejaVuSans-ExtraLight.ttf', name='DejaVu Sans', style='normal', variant='normal', weight=200, stretch='normal', size='scalable')) = 0.24
2024-05-21T09:39:33CEST    font_manager.py:1423     _findfont_cached() DEBUG   : findfont: score(FontEntry(fname='/usr/share/fonts/google-droid/DroidSansEthiopic-Bold.ttf', name='Droid Sans Ethiopic', style='normal', variant='normal', weight=700, stretch='normal', size='scalable')) = 10.335
2024-05-21T09:39:33CEST    font_manager.py:1423     _findfont_cached() DEBUG   : findfont: score(FontEntry(fname='/usr/share/fonts/google-noto/NotoSansSinhala-Regular.ttf', name='Noto Sans Sinhala', style='normal', variant='normal', weight=400, stretch='normal', size='scalable')) = 10.05
2024-05-21T09:39:33CEST    font_manager.py:1423     _findfont_cached() DEBUG   : findfont: score(FontEntry(fname='/usr/share/fonts/google-droid/DroidSansHebrew-Bold.ttf', name='Droid Sans Hebrew', style='normal', variant='normal', weight=600, stretch='normal', size='scalable')) = 10.24
2024-05-21T09:39:33CEST    font_manager.py:1423     _findfont_cached() DEBUG   : findfont: score(FontEntry(fname='/usr/share/fonts/google-droid/DroidSansEthiopic-Regular.ttf', name='Droid Sans Ethiopic', style='normal', variant='normal', weight=400, stretch='normal', size='scalable')) = 10.05
2024-05-21T09:39:33CEST    font_manager.py:1423     _findfont_cached() DEBUG   : findfont: score(FontEntry(fname='/usr/share/fonts/google-droid/DroidSansArabic.ttf', name='Droid Sans Arabic', style='normal', variant='normal', weight=400, stretch='normal', size='scalable')) = 10.05
2024-05-21T09:39:33CEST    font_manager.py:1423     _findfont_cached() DEBUG   : findfont: score(FontEntry(fname='/usr/share/fonts/dejavu/DejaVuSansMono-Oblique.ttf', name='DejaVu Sans Mono', style='oblique', variant='normal', weight=400, stretch='normal', size='scalable')) = 11.05
2024-05-21T09:39:33CEST    font_manager.py:1423     _findfont_cached() DEBUG   : findfont: score(FontEntry(fname='/usr/share/fonts/liberation-mono/LiberationMono-Italic.ttf', name='Liberation Mono', style='italic', variant='normal', weight=400, stretch='normal', size='scalable')) = 11.05
2024-05-21T09:39:33CEST    font_manager.py:1423     _findfont_cached() DEBUG   : findfont: score(FontEntry(fname='/usr/share/fonts/dejavu/DejaVuSans-Oblique.ttf', name='DejaVu Sans', style='oblique', variant='normal', weight=400, stretch='normal', size='scalable')) = 1.05
2024-05-21T09:39:33CEST    font_manager.py:1423     _findfont_cached() DEBUG   : findfont: score(FontEntry(fname='/usr/share/fonts/google-crosextra-carlito/Carlito-Regular.ttf', name='Carlito', style='normal', variant='normal', weight=400, stretch='normal', size='scalable')) = 10.05
2024-05-21T09:39:33CEST    font_manager.py:1423     _findfont_cached() DEBUG   : findfont: score(FontEntry(fname='/usr/share/fonts/julietaula-montserrat/MontserratAlternates-Bold.otf', name='Montserrat Alternates', style='normal', variant='normal', weight=700, stretch='normal', size='scalable')) = 10.335
2024-05-21T09:39:33CEST    font_manager.py:1423     _findfont_cached() DEBUG   : findfont: score(FontEntry(fname='/usr/share/fonts/urw-base35/C059-Roman.otf', name='C059', style='normal', variant='normal', weight=400, stretch='normal', size='scalable')) = 10.05
2024-05-21T09:39:33CEST    font_manager.py:1423     _findfont_cached() DEBUG   : findfont: score(FontEntry(fname='/usr/share/fonts/google-noto-cjk/NotoSerifCJK-Light.ttc', name='Noto Serif CJK JP', style='normal', variant='normal', weight=300, stretch='normal', size='scalable')) = 10.145
2024-05-21T09:39:33CEST    font_manager.py:1423     _findfont_cached() DEBUG   : findfont: score(FontEntry(fname='/home/raswa151/.conda/envs/tste87/fonts/Ubuntu-Th.ttf', name='Ubuntu', style='normal', variant='normal', weight=250, stretch='normal', size='scalable')) = 10.1925
2024-05-21T09:39:33CEST    font_manager.py:1423     _findfont_cached() DEBUG   : findfont: score(FontEntry(fname='/usr/share/fonts/google-noto-cjk/NotoSansCJK-Bold.ttc', name='Noto Sans CJK JP', style='normal', variant='normal', weight=700, stretch='normal', size='scalable')) = 10.335
2024-05-21T09:39:33CEST    font_manager.py:1423     _findfont_cached() DEBUG   : findfont: score(FontEntry(fname='/usr/share/fonts/gnu-free/FreeSansBoldOblique.ttf', name='FreeSans', style='oblique', variant='normal', weight=600, stretch='normal', size='scalable')) = 11.24
2024-05-21T09:39:33CEST    font_manager.py:1423     _findfont_cached() DEBUG   : findfont: score(FontEntry(fname='/usr/share/fonts/urw-base35/NimbusRoman-BoldItalic.otf', name='Nimbus Roman', style='italic', variant='normal', weight=700, stretch='normal', size='scalable')) = 11.335
2024-05-21T09:39:33CEST    font_manager.py:1423     _findfont_cached() DEBUG   : findfont: score(FontEntry(fname='/usr/share/fonts/jomolhari/Jomolhari-alpha3c-0605331.ttf', name='Jomolhari', style='normal', variant='normal', weight=400, stretch='normal', size='scalable')) = 10.05
2024-05-21T09:39:33CEST    font_manager.py:1423     _findfont_cached() DEBUG   : findfont: score(FontEntry(fname='/usr/share/fonts/khmeros/KhmerOS_sys.ttf', name='Khmer OS System', style='normal', variant='normal', weight=400, stretch='normal', size='scalable')) = 10.05
2024-05-21T09:39:33CEST    font_manager.py:1423     _findfont_cached() DEBUG   : findfont: score(FontEntry(fname='/usr/share/fonts/julietaula-montserrat/Montserrat-BoldItalic.otf', name='Montserrat', style='italic', variant='normal', weight=700, stretch='normal', size='scalable')) = 11.335
2024-05-21T09:39:33CEST    font_manager.py:1423     _findfont_cached() DEBUG   : findfont: score(FontEntry(fname='/home/raswa151/.conda/envs/tste87/fonts/Ubuntu-L.ttf', name='Ubuntu', style='normal', variant='normal', weight=300, stretch='normal', size='scalable')) = 10.145
2024-05-21T09:39:33CEST    font_manager.py:1454     _findfont_cached() DEBUG   : findfont: Matching sans\-serif:style=normal:variant=normal:weight=normal:stretch=normal:size=10.0 to DejaVu Sans ('/home/raswa151/.conda/envs/tste87/lib/python3.12/site-packages/matplotlib/mpl-data/fonts/ttf/DejaVuSans.ttf') with score of 0.050000.
